<?xml version="1.0" encoding="UTF-8"?>
<testng-results skipped="0" failed="0" ignored="0" total="6" passed="6">
  <reporter-output>
  </reporter-output>
  <suite name="Command line suite" duration-ms="40" started-at="2018-11-08T06:20:34Z" finished-at="2018-11-08T06:20:34Z">
    <groups>
    </groups>
    <test name="Command line test" duration-ms="40" started-at="2018-11-08T06:20:34Z" finished-at="2018-11-08T06:20:34Z">
      <class name="com.org.learningMaven.AppiumTest">
        <test-method status="PASS" signature="ApiUMMTest()[pri:0, instance:com.org.learningMaven.AppiumTest@79b4d0f]" name="ApiUMMTest" duration-ms="0" started-at="2018-11-08T06:20:34Z" finished-at="2018-11-08T06:20:34Z">
          <reporter-output>
          </reporter-output>
        </test-method> <!-- ApiUMMTest -->
        <test-method status="PASS" signature="IOSApps()[pri:0, instance:com.org.learningMaven.AppiumTest@79b4d0f]" name="IOSApps" duration-ms="0" started-at="2018-11-08T06:20:34Z" finished-at="2018-11-08T06:20:34Z">
          <reporter-output>
          </reporter-output>
        </test-method> <!-- IOSApps -->
      </class> <!-- com.org.learningMaven.AppiumTest -->
      <class name="com.org.learningMaven.APITest">
        <test-method status="PASS" signature="ApiTest()[pri:0, instance:com.org.learningMaven.APITest@3fb6a447]" name="ApiTest" duration-ms="10" started-at="2018-11-08T06:20:34Z" finished-at="2018-11-08T06:20:34Z">
          <reporter-output>
          </reporter-output>
        </test-method> <!-- ApiTest -->
        <test-method status="PASS" signature="Weblogin()[pri:0, instance:com.org.learningMaven.APITest@3fb6a447]" name="Weblogin" duration-ms="0" started-at="2018-11-08T06:20:34Z" finished-at="2018-11-08T06:20:34Z">
          <reporter-output>
          </reporter-output>
        </test-method> <!-- Weblogin -->
      </class> <!-- com.org.learningMaven.APITest -->
      <class name="com.org.learningMaven.SeleniumTest">
        <test-method status="PASS" signature="BrowserAutomation()[pri:0, instance:com.org.learningMaven.SeleniumTest@6b2fad11]" name="BrowserAutomation" duration-ms="0" started-at="2018-11-08T06:20:34Z" finished-at="2018-11-08T06:20:34Z">
          <reporter-output>
          </reporter-output>
        </test-method> <!-- BrowserAutomation -->
        <test-method status="PASS" signature="elementsUI()[pri:0, instance:com.org.learningMaven.SeleniumTest@6b2fad11]" name="elementsUI" duration-ms="0" started-at="2018-11-08T06:20:34Z" finished-at="2018-11-08T06:20:34Z">
          <reporter-output>
          </reporter-output>
        </test-method> <!-- elementsUI -->
      </class> <!-- com.org.learningMaven.SeleniumTest -->
    </test> <!-- Command line test -->
  </suite> <!-- Command line suite -->
</testng-results>
