<?xml version="1.0" encoding="UTF-8"?>
<!-- Generated by org.testng.reporters.JUnitXMLReporter -->
<testsuite hostname="IBM763-PC0F1EA8" ignored="0" name="Command line test" tests="6" failures="0" timestamp="08 Nov 2018 06:20:34 GMT" time="0.04" errors="0">
  <testcase name="ApiTest" time="0.01" classname="com.org.learningMaven.APITest"/>
  <testcase name="Weblogin" time="0.0" classname="com.org.learningMaven.APITest"/>
  <testcase name="ApiUMMTest" time="0.0" classname="com.org.learningMaven.AppiumTest"/>
  <testcase name="IOSApps" time="0.0" classname="com.org.learningMaven.AppiumTest"/>
  <testcase name="BrowserAutomation" time="0.0" classname="com.org.learningMaven.SeleniumTest"/>
  <testcase name="elementsUI" time="0.0" classname="com.org.learningMaven.SeleniumTest"/>
</testsuite> <!-- Command line test -->
