<?xml version="1.0" encoding="UTF-8"?>
<testng-results skipped="0" failed="0" ignored="0" total="4" passed="4">
  <reporter-output>
  </reporter-output>
  <suite name="Suite" duration-ms="80" started-at="2018-11-08T06:03:12Z" finished-at="2018-11-08T06:03:12Z">
    <groups>
    </groups>
    <test name="Test" duration-ms="80" started-at="2018-11-08T06:03:12Z" finished-at="2018-11-08T06:03:12Z">
      <class name="com.org.learningMaven.AppiumTest">
        <test-method status="PASS" signature="ApiUMMTest()[pri:0, instance:com.org.learningMaven.AppiumTest@91161c7]" name="ApiUMMTest" duration-ms="0" started-at="2018-11-08T06:03:12Z" finished-at="2018-11-08T06:03:12Z">
          <reporter-output>
          </reporter-output>
        </test-method> <!-- ApiUMMTest -->
        <test-method status="PASS" signature="IOSApps()[pri:0, instance:com.org.learningMaven.AppiumTest@91161c7]" name="IOSApps" duration-ms="0" started-at="2018-11-08T06:03:12Z" finished-at="2018-11-08T06:03:12Z">
          <reporter-output>
          </reporter-output>
        </test-method> <!-- IOSApps -->
      </class> <!-- com.org.learningMaven.AppiumTest -->
      <class name="com.org.learningMaven.SeleniumTest">
        <test-method status="PASS" signature="BrowserAutomation()[pri:0, instance:com.org.learningMaven.SeleniumTest@1bce4f0a]" name="BrowserAutomation" duration-ms="20" started-at="2018-11-08T06:03:12Z" finished-at="2018-11-08T06:03:12Z">
          <reporter-output>
          </reporter-output>
        </test-method> <!-- BrowserAutomation -->
        <test-method status="PASS" signature="elementsUI()[pri:0, instance:com.org.learningMaven.SeleniumTest@1bce4f0a]" name="elementsUI" duration-ms="0" started-at="2018-11-08T06:03:12Z" finished-at="2018-11-08T06:03:12Z">
          <reporter-output>
          </reporter-output>
        </test-method> <!-- elementsUI -->
      </class> <!-- com.org.learningMaven.SeleniumTest -->
    </test> <!-- Test -->
  </suite> <!-- Suite -->
</testng-results>
