<?xml version="1.0" encoding="UTF-8"?>
<!-- Generated by org.testng.reporters.JUnitXMLReporter -->
<testsuite hostname="IBM763-PC0F1EA8" ignored="0" name="Test" tests="4" failures="0" timestamp="08 Nov 2018 06:03:13 GMT" time="0.08" errors="0">
  <testcase name="BrowserAutomation" time="0.02" classname="com.org.learningMaven.SeleniumTest"/>
  <testcase name="elementsUI" time="0.0" classname="com.org.learningMaven.SeleniumTest"/>
  <testcase name="ApiUMMTest" time="0.0" classname="com.org.learningMaven.AppiumTest"/>
  <testcase name="IOSApps" time="0.0" classname="com.org.learningMaven.AppiumTest"/>
</testsuite> <!-- Test -->
